<?xml version="1.0" encoding="UTF-8"?>
<!-- Generated by org.testng.reporters.JUnitReportReporter -->
<testsuite hostname="WINDOWS-VP6KEMI" failures="0" tests="3" name="com.crm.Autodesk.mvnCLI.MVNCommandLineExecutionTest" time="8.255" errors="0" timestamp="30 Dec 2021 12:41:31 GMT" skipped="0">
  <testcase classname="com.crm.Autodesk.mvnCLI.MVNCommandLineExecutionTest" name="createContactTest" time="0.028"/>
  <testcase classname="com.crm.Autodesk.mvnCLI.MVNCommandLineExecutionTest" name="launchBrowserTest" time="8.223"/>
  <testcase classname="com.crm.Autodesk.mvnCLI.MVNCommandLineExecutionTest" name="modifyContactTest" time="0.004"/>
</testsuite> <!-- com.crm.Autodesk.mvnCLI.MVNCommandLineExecutionTest -->
